e:\workshop\ntp\project\driver\win8release\netlwf.inf
e:\workshop\ntp\project\driver\win8release\precomp.h.pch
e:\workshop\ntp\project\driver\win8release\vc120.pdb
e:\workshop\ntp\project\driver\win8release\precompsrc.obj
e:\workshop\ntp\project\driver\win8release\flt_dbg.obj
e:\workshop\ntp\project\driver\win8release\filter.obj
e:\workshop\ntp\project\driver\win8release\device.obj
e:\workshop\ntp\project\driver\win8release\ndislwf.sys
e:\workshop\ntp\project\driver\win8release\ndislwf.pdb
e:\workshop\ntp\project\driver\win8release\filter.res
e:\workshop\ntp\project\driver\win8release\stampinf.command.1.tlog
e:\workshop\ntp\project\driver\win8release\stampinf.read.1.tlog
e:\workshop\ntp\project\driver\win8release\stampinf.write.1.tlog
e:\workshop\ntp\project\driver\win8release\ndislwf.tlog\cl.command.1.tlog
e:\workshop\ntp\project\driver\win8release\ndislwf.tlog\cl.read.1.tlog
e:\workshop\ntp\project\driver\win8release\ndislwf.tlog\cl.write.1.tlog
e:\workshop\ntp\project\driver\win8release\ndislwf.tlog\link.command.1.tlog
e:\workshop\ntp\project\driver\win8release\ndislwf.tlog\link.read.1.tlog
e:\workshop\ntp\project\driver\win8release\ndislwf.tlog\link.write.1.tlog
e:\workshop\ntp\project\driver\win8release\ndislwf.tlog\rc.command.1.tlog
e:\workshop\ntp\project\driver\win8release\ndislwf.tlog\rc.read.1.tlog
e:\workshop\ntp\project\driver\win8release\ndislwf.tlog\rc.write.1.tlog
