Build started 12/11/2016 8:28:45 PM.
     1>Project "E:\WorkShop\NTP\Project\Driver\ndislwf.vcxproj" on node 2 (Rebuild target(s)).
     1>StampInf:
         C:\Program Files (x86)\Windows Kits\8.1\bin\x86\stampinf.exe -d "*" -a "x86" -v "*" -k "1.11" -u "1.11.0" -f Win8.1Release\netlwf.inf 
         Stamping Win8.1Release\netlwf.inf [Version] section with DriverVer=12/11/2016,20.28.46.81
       ClCompile:
         C:\Program Files (x86)\Microsoft Visual Studio 12.0\VC\bin\CL.exe /c /IWin8.1Release\ /I.. /I. /Zi /nologo /W4 /WX /Ox /Os /Oy- /D _X86_=1 /D i386=1 /D STD_CALL /D _WIN32_WINNT=0x0603 /D WINVER=0x0603 /D WINNT=1 /D NTDDI_VERSION=0x06030000 /D NDIS630=1 /D NDIS_WDM=1 /D NDISLWF=1 /GF /Gm- /Zp8 /GS /Gy /fp:precise /Zc:wchar_t- /Zc:forScope- /GR- /Yc"precomp.h" /Fp"Win8.1Release\\precomp.h.pch" /Fo"Win8.1Release\\" /Fd"Win8.1Release\vc120.pdb" /Gz /wd4603 /wd4627 /wd4986 /wd4987 /wd4996 /wd4201 /wd4214 /FI"C:\Program Files (x86)\Windows Kits\8.1\Include\Shared\warning.h" /analyze- /errorReport:prompt /kernel -cbstring  /d1nodatetime /d1import_no_registry /d2AllowCompatibleILVersions /d2Zi+ precompsrc.c
         precompsrc.c
         C:\Program Files (x86)\Microsoft Visual Studio 12.0\VC\bin\CL.exe /c /IWin8.1Release\ /I.. /I. /Zi /nologo /W4 /WX /Ox /Os /Oy- /D _X86_=1 /D i386=1 /D STD_CALL /D _WIN32_WINNT=0x0603 /D WINVER=0x0603 /D WINNT=1 /D NTDDI_VERSION=0x06030000 /D NDIS630=1 /D NDIS_WDM=1 /D NDISLWF=1 /GF /Gm- /Zp8 /GS /Gy /fp:precise /Zc:wchar_t- /Zc:forScope- /GR- /Yu"precomp.h" /Fp"Win8.1Release\\precomp.h.pch" /Fo"Win8.1Release\\" /Fd"Win8.1Release\vc120.pdb" /Gz /wd4603 /wd4627 /wd4986 /wd4987 /wd4996 /wd4201 /wd4214 /FI"C:\Program Files (x86)\Windows Kits\8.1\Include\Shared\warning.h" /analyze- /errorReport:prompt /kernel -cbstring  /d1nodatetime /d1import_no_registry /d2AllowCompatibleILVersions /d2Zi+ device.c filter.c flt_dbg.c
         device.c
         filter.c
         flt_dbg.c
         Generating Code...
       ResourceCompile:
         C:\Program Files (x86)\Windows Kits\8.1\bin\x86\rc.exe /D _X86_=1 /D i386=1 /D STD_CALL /D _WIN32_WINNT=0x0603 /D WINVER=0x0603 /D WINNT=1 /D NTDDI_VERSION=0x06030000 /D "SMP_ID=\\\"{47A52D61-9E9E-4FEA-9033-C1434C5F8870}\\\"" /D NDIS630=1 /D NDIS_WDM=1 /D NDISLWF=1 /l"0x0409" /I"C:\Program Files (x86)\Windows Kits\8.1\Include\UM" /IWin8.1Release\ /I.. /I. /nologo /fo"Win8.1Release\filter.res" filter.rc 
       Link:
         C:\Program Files (x86)\Microsoft Visual Studio 12.0\VC\bin\link.exe /ERRORREPORT:PROMPT /OUT:"Win8.1Release\ndislwf.sys" /VERSION:"6.3" /INCREMENTAL:NO /NOLOGO /WX /SECTION:"INIT,d" "C:\Program Files (x86)\Windows Kits\8.1\lib\winV6.3\KM\x86\BufferOverflowFastFailK.lib" "C:\Program Files (x86)\Windows Kits\8.1\lib\winV6.3\KM\x86\ntoskrnl.lib" "C:\Program Files (x86)\Windows Kits\8.1\lib\winV6.3\KM\x86\hal.lib" "C:\Program Files (x86)\Windows Kits\8.1\lib\winV6.3\KM\x86\wmilib.lib" "C:\Program Files (x86)\Windows Kits\8.1\lib\winV6.3\KM\x86\ndis.lib" /NODEFAULTLIB /MANIFEST:NO /DEBUG /PDB:"Win8.1Release\ndislwf.pdb" /SUBSYSTEM:NATIVE,"6.03" /Driver /OPT:REF /OPT:ICF /ENTRY:"GsDriverEntry@8" /RELEASE /IMPLIB:"Win8.1Release\ndislwf.lib" /MERGE:"_TEXT=.text;_PAGE=PAGE" /MACHINE:X86 /PROFILE /SAFESEH /kernel /IGNORE:4198,4010,4037,4039,4065,4070,4078,4087,4089,4221 /osversion:6.3 /pdbcompress /debugtype:pdata Win8.1Release\filter.res
         Win8.1Release\device.obj
         Win8.1Release\filter.obj
         Win8.1Release\flt_dbg.obj
         Win8.1Release\precompsrc.obj
         ndislwf.vcxproj -> E:\WorkShop\NTP\Project\Driver\Win8.1Release\ndislwf.sys
     1>Done Building Project "E:\WorkShop\NTP\Project\Driver\ndislwf.vcxproj" (Rebuild target(s)).

Build succeeded.

Time Elapsed 00:00:00.94
